生成启动时间为 8/9/2018 5:24:20 PM。
     1>项目“C:\Zhang Xu\work\Developing\SVN-Arjak\X-LIB Release\X-LIB SDK\demo\XDemo_C++\XCameraLinkDemo\XCameraLinkDemo_2010.vcxproj”在节点 2 上(build 个目标)。
     1>InitializeBuildStatus:
         正在创建“x64\Release\XCameraLinkDemo.unsuccessfulbuild”，因为已指定“AlwaysCreate”。
       ClCompile:
         c:\Program Files (x86)\Microsoft Visual Studio 10.0\VC\bin\x86_amd64\CL.exe /c /I..\..\..\include /I.\IncCor /Zi /nologo /W3 /WX- /O2 /Oi /GL /D WIN32 /D _WINDOWS /D NDEBUG /D _CRT_SECURE_NO_WARNINGS /D _MBCS /D _AFXDLL /Gm- /EHsc /MD /GS /Gy /fp:precise /Zc:wchar_t /Zc:forScope /Yc"StdAfx.h" /Fp"x64\Release\XCameraLinkDemo.pch" /Fo"x64\Release\\" /Fd"x64\Release\vc100.pdb" /Gd /TP /errorReport:prompt stdafx.cpp
         stdafx.cpp
         c:\Program Files (x86)\Microsoft Visual Studio 10.0\VC\bin\x86_amd64\CL.exe /c /I..\..\..\include /I.\IncCor /Zi /nologo /W3 /WX- /O2 /Oi /GL /D WIN32 /D _WINDOWS /D NDEBUG /D _CRT_SECURE_NO_WARNINGS /D _MBCS /D _AFXDLL /Gm- /EHsc /MD /GS /Gy /fp:precise /Zc:wchar_t /Zc:forScope /Fo"x64\Release\\" /Fd"x64\Release\vc100.pdb" /Gd /TP /errorReport:prompt Serial.cpp XCameraLinkDemo.cpp XCameraLinkDemoDlg.cpp XConfigDlg.cpp XControlDlg.cpp XOperateDlg.cpp xcam_factory.cpp xcam_fg.cpp xcamimg_engine.cpp xserialcmd_engine.cpp
         Serial.cpp
         XCameraLinkDemo.cpp
         XCameraLinkDemoDlg.cpp
         XConfigDlg.cpp
         XControlDlg.cpp
         XOperateDlg.cpp
         xcam_factory.cpp
         xcam_fg.cpp
     1>xcam_fg.cpp(167): warning C4800: “BOOL”: 将值强制为布尔值“true”或“false”(性能警告)
     1>xcam_fg.cpp(176): warning C4800: “BOOL”: 将值强制为布尔值“true”或“false”(性能警告)
         xcamimg_engine.cpp
         xserialcmd_engine.cpp
     1>xserialcmd_engine.cpp(138): warning C4482: 使用了非标准扩展: 限定名中使用了枚举“CSerial::EReadTimeout”
     1>xserialcmd_engine.cpp(167): warning C4482: 使用了非标准扩展: 限定名中使用了枚举“CSerial::EReadTimeout”
     1>xserialcmd_engine.cpp(281): warning C4482: 使用了非标准扩展: 限定名中使用了枚举“CSerial::EReadTimeout”
       ResourceCompile:
         C:\Program Files (x86)\Microsoft SDKs\Windows\v7.0A\bin\rc.exe /D NDEBUG /D _AFXDLL /l"0x0409" /Ix64\Release\ /nologo /fo"x64\Release\XCameraLinkDemo.res" XCameraLinkDemo.rc 
       Link:
         c:\Program Files (x86)\Microsoft Visual Studio 10.0\VC\bin\x86_amd64\link.exe /ERRORREPORT:PROMPT /OUT:"C:\Zhang Xu\work\Developing\SVN-Arjak\X-LIB Release\X-LIB SDK\demo\XDemo_C++\x64\Release\XCameraLinkDemo.exe" /INCREMENTAL:NO /NOLOGO /LIBPATH:..\..\..\lib\vs2010\x64 XLibDll.lib /MANIFEST /ManifestFile:"x64\Release\XCameraLinkDemo.exe.intermediate.manifest" /MANIFESTUAC:"level='requireAdministrator' uiAccess='false'" /DEBUG /PDB:"C:\Zhang Xu\work\Developing\SVN-Arjak\X-LIB Release\X-LIB SDK\demo\XDemo_C++\x64\Release\XCameraLinkDemo.pdb" /SUBSYSTEM:WINDOWS /OPT:REF /OPT:ICF /LTCG /TLBID:1 /DYNAMICBASE /NXCOMPAT /IMPLIB:"C:\Zhang Xu\work\Developing\SVN-Arjak\X-LIB Release\X-LIB SDK\demo\XDemo_C++\x64\Release\XCameraLinkDemo.lib" /MACHINE:X64 x64\Release\XCameraLinkDemo.res
         x64\Release\Serial.obj
         x64\Release\stdafx.obj
         x64\Release\xcam_factory.obj
         x64\Release\xcam_fg.obj
         x64\Release\XCameraLinkDemo.obj
         x64\Release\XCameraLinkDemoDlg.obj
         x64\Release\xcamimg_engine.obj
         x64\Release\XConfigDlg.obj
         x64\Release\XControlDlg.obj
         x64\Release\XOperateDlg.obj
         x64\Release\xserialcmd_engine.obj
            正在创建库 C:\Zhang Xu\work\Developing\SVN-Arjak\X-LIB Release\X-LIB SDK\demo\XDemo_C++\x64\Release\XCameraLinkDemo.lib 和对象 C:\Zhang Xu\work\Developing\SVN-Arjak\X-LIB Release\X-LIB SDK\demo\XDemo_C++\x64\Release\XCameraLinkDemo.exp
         正在生成代码
         已完成代码的生成
         XCameraLinkDemo_2010.vcxproj -> C:\Zhang Xu\work\Developing\SVN-Arjak\X-LIB Release\X-LIB SDK\demo\XDemo_C++\x64\Release\XCameraLinkDemo.exe
       Manifest:
         C:\Program Files (x86)\Microsoft SDKs\Windows\v7.0A\bin\mt.exe /nologo /verbose /outputresource:"C:\Zhang Xu\work\Developing\SVN-Arjak\X-LIB Release\X-LIB SDK\demo\XDemo_C++\x64\Release\XCameraLinkDemo.exe;#1" /manifest x64\Release\XCameraLinkDemo.exe.intermediate.manifest "c:\Program Files (x86)\Microsoft Visual Studio 10.0\VC\Include\Manifest\dpiaware.manifest"
       FinalizeBuildStatus:
         正在删除文件“x64\Release\XCameraLinkDemo.unsuccessfulbuild”。
         正在对“x64\Release\XCameraLinkDemo.lastbuildstate”执行 Touch 任务。
     1>已完成生成项目“C:\Zhang Xu\work\Developing\SVN-Arjak\X-LIB Release\X-LIB SDK\demo\XDemo_C++\XCameraLinkDemo\XCameraLinkDemo_2010.vcxproj”(build 个目标)的操作。

生成成功。

已用时间 00:00:36.88
