C:\ZHANG XU\WORK\DEVELOPING\SVN-ARJAK\X-LIB RELEASE\X-LIB SDK\DEMO\XDEMO_C++\X64\RELEASE\XCAMERALINKDEMO.EXE
C:\Zhang Xu\work\Developing\SVN-Arjak\X-LIB Release\X-LIB SDK\demo\XDemo_C++\x64\Release\XCameraLinkDemo.exp
C:\Zhang Xu\work\Developing\SVN-Arjak\X-LIB Release\X-LIB SDK\demo\XDemo_C++\x64\Release\XCameraLinkDemo.lib
C:\Zhang Xu\work\Developing\SVN-Arjak\X-LIB Release\X-LIB SDK\demo\XDemo_C++\x64\Release\XCameraLinkDemo.pdb
C:\Zhang Xu\work\Developing\SVN-Arjak\X-LIB Release\X-LIB SDK\demo\XDemo_C++\XCameraLinkDemo\x64\Release\cl.command.1.tlog
C:\Zhang Xu\work\Developing\SVN-Arjak\X-LIB Release\X-LIB SDK\demo\XDemo_C++\XCameraLinkDemo\x64\Release\CL.read.1.tlog
C:\Zhang Xu\work\Developing\SVN-Arjak\X-LIB Release\X-LIB SDK\demo\XDemo_C++\XCameraLinkDemo\x64\Release\CL.write.1.tlog
C:\Zhang Xu\work\Developing\SVN-Arjak\X-LIB Release\X-LIB SDK\demo\XDemo_C++\XCameraLinkDemo\x64\Release\link.command.1.tlog
C:\Zhang Xu\work\Developing\SVN-Arjak\X-LIB Release\X-LIB SDK\demo\XDemo_C++\XCameraLinkDemo\x64\Release\link.read.1.tlog
C:\Zhang Xu\work\Developing\SVN-Arjak\X-LIB Release\X-LIB SDK\demo\XDemo_C++\XCameraLinkDemo\x64\Release\link.write.1.tlog
C:\Zhang Xu\work\Developing\SVN-Arjak\X-LIB Release\X-LIB SDK\demo\XDemo_C++\XCameraLinkDemo\x64\Release\link-cvtres.read.1.tlog
C:\Zhang Xu\work\Developing\SVN-Arjak\X-LIB Release\X-LIB SDK\demo\XDemo_C++\XCameraLinkDemo\x64\Release\link-cvtres.write.1.tlog
C:\Zhang Xu\work\Developing\SVN-Arjak\X-LIB Release\X-LIB SDK\demo\XDemo_C++\XCameraLinkDemo\x64\Release\mt.command.1.tlog
C:\Zhang Xu\work\Developing\SVN-Arjak\X-LIB Release\X-LIB SDK\demo\XDemo_C++\XCameraLinkDemo\x64\Release\mt.read.1.tlog
C:\Zhang Xu\work\Developing\SVN-Arjak\X-LIB Release\X-LIB SDK\demo\XDemo_C++\XCameraLinkDemo\x64\Release\mt.write.1.tlog
C:\Zhang Xu\work\Developing\SVN-Arjak\X-LIB Release\X-LIB SDK\demo\XDemo_C++\XCameraLinkDemo\x64\Release\rc.command.1.tlog
C:\Zhang Xu\work\Developing\SVN-Arjak\X-LIB Release\X-LIB SDK\demo\XDemo_C++\XCameraLinkDemo\x64\Release\rc.read.1.tlog
C:\Zhang Xu\work\Developing\SVN-Arjak\X-LIB Release\X-LIB SDK\demo\XDemo_C++\XCameraLinkDemo\x64\Release\rc.write.1.tlog
C:\ZHANG XU\WORK\DEVELOPING\SVN-ARJAK\X-LIB RELEASE\X-LIB SDK\DEMO\XDEMO_C++\XCAMERALINKDEMO\X64\RELEASE\SERIAL.OBJ
C:\ZHANG XU\WORK\DEVELOPING\SVN-ARJAK\X-LIB RELEASE\X-LIB SDK\DEMO\XDEMO_C++\XCAMERALINKDEMO\X64\RELEASE\STDAFX.OBJ
C:\ZHANG XU\WORK\DEVELOPING\SVN-ARJAK\X-LIB RELEASE\X-LIB SDK\DEMO\XDEMO_C++\XCAMERALINKDEMO\X64\RELEASE\VC100.PDB
C:\Zhang Xu\work\Developing\SVN-Arjak\X-LIB Release\X-LIB SDK\demo\XDemo_C++\XCameraLinkDemo\x64\Release\vc90.idb
C:\Zhang Xu\work\Developing\SVN-Arjak\X-LIB Release\X-LIB SDK\demo\XDemo_C++\XCameraLinkDemo\x64\Release\vc90.pdb
C:\ZHANG XU\WORK\DEVELOPING\SVN-ARJAK\X-LIB RELEASE\X-LIB SDK\DEMO\XDEMO_C++\XCAMERALINKDEMO\X64\RELEASE\XCAM_FACTORY.OBJ
C:\ZHANG XU\WORK\DEVELOPING\SVN-ARJAK\X-LIB RELEASE\X-LIB SDK\DEMO\XDEMO_C++\XCAMERALINKDEMO\X64\RELEASE\XCAM_FG.OBJ
C:\Zhang Xu\work\Developing\SVN-Arjak\X-LIB Release\X-LIB SDK\demo\XDemo_C++\XCameraLinkDemo\x64\Release\XCameraLinkDemo.exe.intermediate.manifest
C:\ZHANG XU\WORK\DEVELOPING\SVN-ARJAK\X-LIB RELEASE\X-LIB SDK\DEMO\XDEMO_C++\XCAMERALINKDEMO\X64\RELEASE\XCAMERALINKDEMO.OBJ
C:\ZHANG XU\WORK\DEVELOPING\SVN-ARJAK\X-LIB RELEASE\X-LIB SDK\DEMO\XDEMO_C++\XCAMERALINKDEMO\X64\RELEASE\XCAMERALINKDEMO.PCH
C:\ZHANG XU\WORK\DEVELOPING\SVN-ARJAK\X-LIB RELEASE\X-LIB SDK\DEMO\XDEMO_C++\XCAMERALINKDEMO\X64\RELEASE\XCAMERALINKDEMO.RES
C:\Zhang Xu\work\Developing\SVN-Arjak\X-LIB Release\X-LIB SDK\demo\XDemo_C++\XCameraLinkDemo\x64\Release\XCameraLinkDemo.write.1.tlog
C:\ZHANG XU\WORK\DEVELOPING\SVN-ARJAK\X-LIB RELEASE\X-LIB SDK\DEMO\XDEMO_C++\XCAMERALINKDEMO\X64\RELEASE\XCAMERALINKDEMODLG.OBJ
C:\ZHANG XU\WORK\DEVELOPING\SVN-ARJAK\X-LIB RELEASE\X-LIB SDK\DEMO\XDEMO_C++\XCAMERALINKDEMO\X64\RELEASE\XCAMIMG_ENGINE.OBJ
C:\ZHANG XU\WORK\DEVELOPING\SVN-ARJAK\X-LIB RELEASE\X-LIB SDK\DEMO\XDEMO_C++\XCAMERALINKDEMO\X64\RELEASE\XCONFIGDLG.OBJ
C:\ZHANG XU\WORK\DEVELOPING\SVN-ARJAK\X-LIB RELEASE\X-LIB SDK\DEMO\XDEMO_C++\XCAMERALINKDEMO\X64\RELEASE\XCONTROLDLG.OBJ
C:\ZHANG XU\WORK\DEVELOPING\SVN-ARJAK\X-LIB RELEASE\X-LIB SDK\DEMO\XDEMO_C++\XCAMERALINKDEMO\X64\RELEASE\XOPERATEDLG.OBJ
C:\ZHANG XU\WORK\DEVELOPING\SVN-ARJAK\X-LIB RELEASE\X-LIB SDK\DEMO\XDEMO_C++\XCAMERALINKDEMO\X64\RELEASE\XSERIALCMD_ENGINE.OBJ
