C:\ZHANG XU\WORK\DEVELOPING\SVN-ARJAK\X-LIB RELEASE\X-LIB SDK\DEMO\XDEMO_C++\RELEASE\XETHERNETDEMO.EXE
C:\Zhang Xu\work\Developing\SVN-Arjak\X-LIB Release\X-LIB SDK\demo\XDemo_C++\Release\XEthernetDemo.exp
C:\Zhang Xu\work\Developing\SVN-Arjak\X-LIB Release\X-LIB SDK\demo\XDemo_C++\Release\XEthernetDemo.lib
C:\ZHANG XU\WORK\DEVELOPING\SVN-ARJAK\X-LIB RELEASE\X-LIB SDK\DEMO\XDEMO_C++\RELEASE\XETHERNETDEMO.PDB
C:\Zhang Xu\work\Developing\SVN-Arjak\X-LIB Release\X-LIB SDK\demo\XDemo_C++\XEthernetDemo\Release\cl.command.1.tlog
C:\Zhang Xu\work\Developing\SVN-Arjak\X-LIB Release\X-LIB SDK\demo\XDemo_C++\XEthernetDemo\Release\CL.read.1.tlog
C:\Zhang Xu\work\Developing\SVN-Arjak\X-LIB Release\X-LIB SDK\demo\XDemo_C++\XEthernetDemo\Release\CL.write.1.tlog
C:\Zhang Xu\work\Developing\SVN-Arjak\X-LIB Release\X-LIB SDK\demo\XDemo_C++\XEthernetDemo\Release\link.command.1.tlog
C:\Zhang Xu\work\Developing\SVN-Arjak\X-LIB Release\X-LIB SDK\demo\XDemo_C++\XEthernetDemo\Release\link.read.1.tlog
C:\Zhang Xu\work\Developing\SVN-Arjak\X-LIB Release\X-LIB SDK\demo\XDemo_C++\XEthernetDemo\Release\link.write.1.tlog
C:\Zhang Xu\work\Developing\SVN-Arjak\X-LIB Release\X-LIB SDK\demo\XDemo_C++\XEthernetDemo\Release\link-cvtres.read.1.tlog
C:\Zhang Xu\work\Developing\SVN-Arjak\X-LIB Release\X-LIB SDK\demo\XDemo_C++\XEthernetDemo\Release\link-cvtres.write.1.tlog
C:\Zhang Xu\work\Developing\SVN-Arjak\X-LIB Release\X-LIB SDK\demo\XDemo_C++\XEthernetDemo\Release\mt.command.1.tlog
C:\Zhang Xu\work\Developing\SVN-Arjak\X-LIB Release\X-LIB SDK\demo\XDemo_C++\XEthernetDemo\Release\mt.read.1.tlog
C:\Zhang Xu\work\Developing\SVN-Arjak\X-LIB Release\X-LIB SDK\demo\XDemo_C++\XEthernetDemo\Release\mt.write.1.tlog
C:\Zhang Xu\work\Developing\SVN-Arjak\X-LIB Release\X-LIB SDK\demo\XDemo_C++\XEthernetDemo\Release\rc.command.1.tlog
C:\Zhang Xu\work\Developing\SVN-Arjak\X-LIB Release\X-LIB SDK\demo\XDemo_C++\XEthernetDemo\Release\rc.read.1.tlog
C:\Zhang Xu\work\Developing\SVN-Arjak\X-LIB Release\X-LIB SDK\demo\XDemo_C++\XEthernetDemo\Release\rc.write.1.tlog
C:\ZHANG XU\WORK\DEVELOPING\SVN-ARJAK\X-LIB RELEASE\X-LIB SDK\DEMO\XDEMO_C++\XETHERNETDEMO\RELEASE\STDAFX.OBJ
C:\ZHANG XU\WORK\DEVELOPING\SVN-ARJAK\X-LIB RELEASE\X-LIB SDK\DEMO\XDEMO_C++\XETHERNETDEMO\RELEASE\VC100.PDB
C:\Zhang Xu\work\Developing\SVN-Arjak\X-LIB Release\X-LIB SDK\demo\XDemo_C++\XEthernetDemo\Release\vc90.idb
C:\Zhang Xu\work\Developing\SVN-Arjak\X-LIB Release\X-LIB SDK\demo\XDemo_C++\XEthernetDemo\Release\vc90.pdb
C:\ZHANG XU\WORK\DEVELOPING\SVN-ARJAK\X-LIB RELEASE\X-LIB SDK\DEMO\XDEMO_C++\XETHERNETDEMO\RELEASE\XCONFIGDLG.OBJ
C:\ZHANG XU\WORK\DEVELOPING\SVN-ARJAK\X-LIB RELEASE\X-LIB SDK\DEMO\XDEMO_C++\XETHERNETDEMO\RELEASE\XCONTROLDLG.OBJ
C:\ZHANG XU\WORK\DEVELOPING\SVN-ARJAK\X-LIB RELEASE\X-LIB SDK\DEMO\XDEMO_C++\XETHERNETDEMO\RELEASE\XETHERNETDEMO.EXE.INTERMEDIATE.MANIFEST
C:\ZHANG XU\WORK\DEVELOPING\SVN-ARJAK\X-LIB RELEASE\X-LIB SDK\DEMO\XDEMO_C++\XETHERNETDEMO\RELEASE\XETHERNETDEMO.OBJ
C:\ZHANG XU\WORK\DEVELOPING\SVN-ARJAK\X-LIB RELEASE\X-LIB SDK\DEMO\XDEMO_C++\XETHERNETDEMO\RELEASE\XETHERNETDEMO.PCH
C:\ZHANG XU\WORK\DEVELOPING\SVN-ARJAK\X-LIB RELEASE\X-LIB SDK\DEMO\XDEMO_C++\XETHERNETDEMO\RELEASE\XETHERNETDEMO.RES
C:\Zhang Xu\work\Developing\SVN-Arjak\X-LIB Release\X-LIB SDK\demo\XDemo_C++\XEthernetDemo\Release\XEthernetDemo.write.1.tlog
C:\Zhang Xu\work\Developing\SVN-Arjak\X-LIB Release\X-LIB SDK\demo\XDemo_C++\XEthernetDemo\Release\XEthernetDemo_2010.vcxprojResolveAssemblyReference.cache
C:\ZHANG XU\WORK\DEVELOPING\SVN-ARJAK\X-LIB RELEASE\X-LIB SDK\DEMO\XDEMO_C++\XETHERNETDEMO\RELEASE\XETHERNETDEMODLG.OBJ
C:\ZHANG XU\WORK\DEVELOPING\SVN-ARJAK\X-LIB RELEASE\X-LIB SDK\DEMO\XDEMO_C++\XETHERNETDEMO\RELEASE\XOPERATEDLG.OBJ
C:\ZHANG XU\WORK\DEVELOPING\SVN-ARJAK\X-LIB RELEASE\X-LIB\DEMO\XDEMO_C++\RELEASE\XETHERNETDEMO.EXE
C:\Zhang Xu\work\Developing\SVN-Arjak\X-LIB Release\X-LIB\demo\XDemo_C++\Release\XEthernetDemo.exp
C:\Zhang Xu\work\Developing\SVN-Arjak\X-LIB Release\X-LIB\demo\XDemo_C++\Release\XEthernetDemo.lib
C:\ZHANG XU\WORK\DEVELOPING\SVN-ARJAK\X-LIB RELEASE\X-LIB\DEMO\XDEMO_C++\RELEASE\XETHERNETDEMO.PDB
C:\ZHANG XU\WORK\DEVELOPING\SVN-ARJAK\X-LIB RELEASE\X-LIB\DEMO\XDEMO_C++\XETHERNETDEMO\RELEASE\STDAFX.OBJ
C:\ZHANG XU\WORK\DEVELOPING\SVN-ARJAK\X-LIB RELEASE\X-LIB\DEMO\XDEMO_C++\XETHERNETDEMO\RELEASE\VC100.PDB
C:\ZHANG XU\WORK\DEVELOPING\SVN-ARJAK\X-LIB RELEASE\X-LIB\DEMO\XDEMO_C++\XETHERNETDEMO\RELEASE\XCONFIGDLG.OBJ
C:\ZHANG XU\WORK\DEVELOPING\SVN-ARJAK\X-LIB RELEASE\X-LIB\DEMO\XDEMO_C++\XETHERNETDEMO\RELEASE\XCONTROLDLG.OBJ
C:\ZHANG XU\WORK\DEVELOPING\SVN-ARJAK\X-LIB RELEASE\X-LIB\DEMO\XDEMO_C++\XETHERNETDEMO\RELEASE\XETHERNETDEMO.EXE.INTERMEDIATE.MANIFEST
C:\ZHANG XU\WORK\DEVELOPING\SVN-ARJAK\X-LIB RELEASE\X-LIB\DEMO\XDEMO_C++\XETHERNETDEMO\RELEASE\XETHERNETDEMO.OBJ
C:\ZHANG XU\WORK\DEVELOPING\SVN-ARJAK\X-LIB RELEASE\X-LIB\DEMO\XDEMO_C++\XETHERNETDEMO\RELEASE\XETHERNETDEMO.PCH
C:\ZHANG XU\WORK\DEVELOPING\SVN-ARJAK\X-LIB RELEASE\X-LIB\DEMO\XDEMO_C++\XETHERNETDEMO\RELEASE\XETHERNETDEMO.RES
C:\ZHANG XU\WORK\DEVELOPING\SVN-ARJAK\X-LIB RELEASE\X-LIB\DEMO\XDEMO_C++\XETHERNETDEMO\RELEASE\XETHERNETDEMODLG.OBJ
C:\ZHANG XU\WORK\DEVELOPING\SVN-ARJAK\X-LIB RELEASE\X-LIB\DEMO\XDEMO_C++\XETHERNETDEMO\RELEASE\XOPERATEDLG.OBJ
